<?xml version="1.0" encoding="UTF-8"?>
<!-- Generated by org.testng.reporters.JUnitReportReporter -->
<testsuite hostname="EPINPUNW009D" failures="0" tests="2" name="tests.ParallelTest1" time="16.086" errors="0" timestamp="2024-08-12T21:16:42 IST" skipped="0">
  <testcase classname="tests.ParallelTest1" name="pageTitle" time="7.182"/>
  <system-out/>
  <testcase classname="tests.ParallelTest1" name="greetTest" time="8.904"/>
  <system-out/>
</testsuite> <!-- tests.ParallelTest1 -->
