<?xml version="1.0" encoding="UTF-8"?>
<!-- Generated by org.testng.reporters.JUnitReportReporter -->
<testsuite hostname="EPINPUNW009D" failures="0" tests="4" name="tests.FirstTest" time="0.010" errors="0" timestamp="2024-08-11T18:10:57 IST" skipped="0">
  <testcase classname="tests.FirstTest" name="firstTest" time="0.008"/>
  <system-out/>
  <testcase classname="tests.FirstTest" name="setup" time="0.001"/>
  <system-out/>
  <testcase classname="tests.FirstTest" name="login" time="0.000"/>
  <system-out/>
  <testcase classname="tests.FirstTest" name="closeBrowser" time="0.001"/>
  <system-out/>
</testsuite> <!-- tests.FirstTest -->
