<?xml version="1.0" encoding="UTF-8"?>
<!-- Generated by org.testng.reporters.JUnitReportReporter -->
<testsuite hostname="EPINPUNW009D" failures="0" tests="7" name="tests.PractiseTest_01" time="0.023" errors="0" timestamp="2024-08-11T18:36:37 IST" skipped="2">
  <testcase classname="tests.PractiseTest_01" name="def" time="0.002"/>
  <system-out/>
  <testcase classname="tests.PractiseTest_01" name="abc" time="0.018"/>
  <system-out/>
  <testcase classname="tests.PractiseTest_01" name="mno" time="0.001"/>
  <system-out/>
  <testcase classname="tests.PractiseTest_01" name="kli" time="0.001"/>
  <system-out/>
  <testcase classname="tests.PractiseTest_01" name="fop" time="0.001"/>
  <system-out/>
  <testcase classname="tests.PractiseTest_01" name="disableTest_02">
    <skipped/>
  </testcase> <!-- disableTest_02 -->
  <system-out/>
  <testcase classname="tests.PractiseTest_01" name="disableTest_01">
    <skipped/>
  </testcase> <!-- disableTest_01 -->
  <system-out/>
</testsuite> <!-- tests.PractiseTest_01 -->
