<?xml version="1.0" encoding="UTF-8"?>
<!-- Generated by org.testng.reporters.JUnitReportReporter -->
<testsuite hostname="EPINPUNW009D" failures="0" tests="3" name="tests.PractiseTest" time="0.001" errors="0" timestamp="2024-08-11T18:10:57 IST" skipped="0">
  <testcase classname="tests.PractiseTest" name="def" time="0.000"/>
  <system-out/>
  <testcase classname="tests.PractiseTest" name="bcd" time="0.000"/>
  <system-out/>
  <testcase classname="tests.PractiseTest" name="abc" time="0.001"/>
  <system-out/>
</testsuite> <!-- tests.PractiseTest -->
