<?xml version="1.0" encoding="UTF-8"?>
<!-- Generated by org.testng.reporters.JUnitReportReporter -->
<testsuite hostname="EPINPUNW009D" failures="0" tests="1" name="tests.ParametersTest" time="0.013" errors="0" timestamp="2024-08-11T21:07:11 IST" skipped="0">
  <testcase classname="tests.ParametersTest" name="pageTitle" time="0.013"/>
  <system-out/>
</testsuite> <!-- tests.ParametersTest -->
