<?xml version="1.0" encoding="UTF-8"?>
<!-- Generated by org.testng.reporters.JUnitReportReporter -->
<testsuite hostname="EPINPUNW009D" failures="0" tests="6" name="tests.DataProviderTest" time="0.022" errors="0" timestamp="2024-08-12T11:48:51 IST" skipped="0">
  <testcase classname="tests.DataProviderTest" name="loginTest" time="0.002"/>
  <system-out/>
  <testcase classname="tests.DataProviderTest" name="productOrder" time="0.004"/>
  <system-out/>
  <testcase classname="tests.DataProviderTest" name="loginTest" time="0.001"/>
  <system-out/>
  <testcase classname="tests.DataProviderTest" name="productOrder" time="0.000"/>
  <system-out/>
  <testcase classname="tests.DataProviderTest" name="loginTest" time="0.014"/>
  <system-out/>
  <testcase classname="tests.DataProviderTest" name="productOrder" time="0.001"/>
  <system-out/>
</testsuite> <!-- tests.DataProviderTest -->
