<?xml version="1.0" encoding="UTF-8"?>
<!-- Generated by org.testng.reporters.JUnitReportReporter -->
<testsuite hostname="EPINPUNW009D" failures="0" tests="6" name="tests.SecondTest" time="0.015" errors="0" timestamp="2024-08-11T18:16:05 IST" skipped="2">
  <testcase classname="tests.SecondTest" name="def" time="0.001"/>
  <system-out/>
  <testcase classname="tests.SecondTest" name="abc" time="0.012"/>
  <system-out/>
  <testcase classname="tests.SecondTest" name="mno" time="0.001"/>
  <system-out/>
  <testcase classname="tests.SecondTest" name="kli" time="0.001"/>
  <system-out/>
  <testcase classname="tests.SecondTest" name="disableTest_02">
    <skipped/>
  </testcase> <!-- disableTest_02 -->
  <system-out/>
  <testcase classname="tests.SecondTest" name="disableTest_01">
    <skipped/>
  </testcase> <!-- disableTest_01 -->
  <system-out/>
</testsuite> <!-- tests.SecondTest -->
