<?xml version="1.0" encoding="UTF-8"?>
<!-- Generated by org.testng.reporters.JUnitReportReporter -->
<testsuite hostname="EPINPUNW009D" failures="0" tests="3" name="tests.Groups2" time="0.003" errors="0" timestamp="2024-08-11T18:46:03 IST" skipped="0">
  <testcase classname="tests.Groups2" name="TC_07" time="0.001"/>
  <system-out/>
  <testcase classname="tests.Groups2" name="TC_09" time="0.001"/>
  <system-out/>
  <testcase classname="tests.Groups2" name="TC_08" time="0.001"/>
  <system-out/>
</testsuite> <!-- tests.Groups2 -->
