<?xml version="1.0" encoding="UTF-8"?>
<!-- Generated by org.testng.reporters.JUnitReportReporter -->
<testsuite hostname="EPINPUNW009D" failures="0" tests="1" name="tests.FirstTest" time="0.003" errors="0" timestamp="2024-08-11T12:28:26 IST" skipped="0">
  <testcase classname="tests.FirstTest" name="firstTest" time="0.003"/>
  <system-out/>
</testsuite> <!-- tests.FirstTest -->
